2023-05-04 17:36:59 INFO - --------
2023-05-04 17:36:59 INFO - Starting Node.js Portable 2.10.0...
2023-05-04 17:36:59 INFO - Current path: D:\NODE
2023-05-04 17:37:02 INFO - >> INSTALL
2023-05-04 17:37:03 INFO - nodejsVersion: 20.1.0
2023-05-04 17:37:04 INFO - nodejsArch: x86
2023-05-04 17:37:04 INFO - Checking Node.js version 20.1.0... 
2023-05-04 17:37:04 INFO - Downloading https://nodejs.org/dist/v20.1.0/node-v20.1.0-win-x86.zip...
2023-05-04 17:37:04 INFO - Extracting node-v20.1.0-win-x86.zip... 
2023-05-04 17:37:07 INFO - Moving nodejs folder... 
2023-05-04 17:39:06 INFO - Creating Node.js configuration... 
2023-05-04 17:42:00 INFO - --------
2023-05-04 17:42:00 INFO - Starting Node.js Portable 2.10.0...
2023-05-04 17:42:00 INFO - Current path: D:\NODE
2023-05-04 17:42:04 INFO - >> SHELL
2023-05-04 17:42:04 INFO - Checking if Node.js installed... 
2023-05-04 17:42:04 INFO - Creating Node.js configuration... 
2023-05-04 17:42:04 INFO - Checking custom paths...
2023-05-04 17:42:04 INFO - # C:\Program Files (x86)\Git\cmd 
2023-05-04 17:42:04 WARN - Not found...
2023-05-04 17:42:04 INFO - # D:\another_path 
2023-05-04 17:42:04 WARN - Not found...
2023-05-04 17:42:04 INFO - # D:\a_relative_path 
2023-05-04 17:42:04 WARN - Not found...
2023-05-04 17:42:04 INFO - Adding node to PATH... 
2023-05-04 17:42:04 INFO - Setting NODE_PATH... 
2023-05-04 17:42:04 INFO - Creating launch script... 
2023-05-04 17:42:15 INFO - Clearing screen...
2023-05-04 17:42:15 INFO - Starting up the shell... 
2023-05-04 17:42:27 INFO - --------
2023-05-04 17:42:27 INFO - Starting Node.js Portable 2.10.0...
2023-05-04 17:42:27 INFO - Current path: D:\NODE
2023-05-04 17:42:29 INFO - >> SHELL
2023-05-04 17:42:29 INFO - Checking if Node.js installed... 
2023-05-04 17:42:29 INFO - Creating Node.js configuration... 
2023-05-04 17:42:29 INFO - Checking custom paths...
2023-05-04 17:42:29 INFO - # C:\Program Files (x86)\Git\cmd 
2023-05-04 17:42:29 WARN - Not found...
2023-05-04 17:42:29 INFO - # D:\another_path 
2023-05-04 17:42:29 WARN - Not found...
2023-05-04 17:42:29 INFO - # D:\a_relative_path 
2023-05-04 17:42:29 WARN - Not found...
2023-05-04 17:42:29 INFO - Adding node to PATH... 
2023-05-04 17:42:29 INFO - Setting NODE_PATH... 
2023-05-04 17:42:29 INFO - Creating launch script... 
2023-05-04 17:47:57 INFO - --------
2023-05-04 17:47:57 INFO - Starting Node.js Portable 2.10.0...
2023-05-04 17:47:57 INFO - Current path: D:\NODE
2023-05-04 17:48:01 INFO - >> SHELL
2023-05-04 17:48:01 INFO - Checking if Node.js installed... 
2023-05-04 17:48:01 INFO - Creating Node.js configuration... 
2023-05-04 17:48:01 INFO - Checking custom paths...
2023-05-04 17:48:01 INFO - # C:\Program Files (x86)\Git\cmd 
2023-05-04 17:48:01 WARN - Not found...
2023-05-04 17:48:01 INFO - # D:\another_path 
2023-05-04 17:48:01 WARN - Not found...
2023-05-04 17:48:01 INFO - # D:\a_relative_path 
2023-05-04 17:48:01 WARN - Not found...
2023-05-04 17:48:01 INFO - Adding node to PATH... 
2023-05-04 17:48:01 INFO - Setting NODE_PATH... 
2023-05-04 17:48:01 INFO - Creating launch script... 
2023-05-04 17:50:45 INFO - --------
2023-05-04 17:50:45 INFO - Starting Node.js Portable 2.10.0...
2023-05-04 17:50:45 INFO - Current path: D:\NODE
2023-05-04 17:50:48 INFO - >> SHELL
2023-05-04 17:50:48 INFO - Checking if Node.js installed... 
2023-05-04 17:50:48 INFO - Creating Node.js configuration... 
2023-05-04 17:50:48 INFO - Checking custom paths...
2023-05-04 17:50:48 INFO - # C:\Program Files (x86)\Git\cmd 
2023-05-04 17:50:48 WARN - Not found...
2023-05-04 17:50:48 INFO - # D:\another_path 
2023-05-04 17:50:48 INFO - # D:\a_relative_path 
2023-05-04 17:50:48 WARN - Not found...
2023-05-04 17:50:48 INFO - Adding customs path to PATH... 
2023-05-04 17:50:48 INFO - Adding node to PATH... 
2023-05-04 17:50:48 INFO - Setting NODE_PATH... 
2023-05-04 17:50:48 INFO - Creating launch script... 
2023-05-04 17:51:06 INFO - Clearing screen...
2023-05-04 17:51:06 INFO - Starting up the shell... 
2023-05-04 18:29:09 INFO - --------
2023-05-04 18:29:09 INFO - Starting Node.js Portable 2.10.0...
2023-05-04 18:29:09 INFO - Current path: C:\Users\ALUNO\Desktop\Facauldade_2023\NODE
2023-05-04 18:29:33 INFO - >> SHELL
2023-05-04 18:29:33 INFO - Checking if Node.js installed... 
2023-05-04 18:29:33 INFO - Creating Node.js configuration... 
2023-05-04 18:29:33 INFO - Checking custom paths...
2023-05-04 18:29:33 INFO - # C:\Program Files (x86)\Git\cmd 
2023-05-04 18:29:33 WARN - Not found...
2023-05-04 18:29:33 INFO - # D:\another_path 
2023-05-04 18:29:33 INFO - # C:\Users\ALUNO\Desktop\a_relative_path 
2023-05-04 18:29:33 WARN - Not found...
2023-05-04 18:29:33 INFO - Adding customs path to PATH... 
2023-05-04 18:29:33 INFO - Adding node to PATH... 
2023-05-04 18:29:33 INFO - Setting NODE_PATH... 
2023-05-04 18:29:33 INFO - Creating launch script... 
2023-05-04 18:29:48 INFO - Clearing screen...
2023-05-04 18:29:48 INFO - Starting up the shell... 
2023-05-04 19:01:01 INFO - --------
2023-05-04 19:01:01 INFO - Starting Node.js Portable 2.10.0...
2023-05-04 19:01:01 INFO - Current path: C:\Users\ALUNO\Desktop\Facauldade_2023\NODE
2023-05-04 19:01:08 INFO - >> SHELL
2023-05-04 19:01:08 INFO - Checking if Node.js installed... 
2023-05-04 19:01:08 INFO - Creating Node.js configuration... 
2023-05-04 19:01:08 INFO - Checking custom paths...
2023-05-04 19:01:08 INFO - # C:\Program Files (x86)\Git\cmd 
2023-05-04 19:01:08 WARN - Not found...
2023-05-04 19:01:08 INFO - # D:\another_path 
2023-05-04 19:01:08 INFO - # C:\Users\ALUNO\Desktop\a_relative_path 
2023-05-04 19:01:08 WARN - Not found...
2023-05-04 19:01:08 INFO - Adding customs path to PATH... 
2023-05-04 19:01:08 INFO - Adding node to PATH... 
2023-05-04 19:01:08 INFO - Setting NODE_PATH... 
2023-05-04 19:01:08 INFO - Creating launch script... 
2023-05-04 19:01:21 INFO - Clearing screen...
2023-05-04 19:01:21 INFO - Starting up the shell... 
2023-05-04 19:12:39 INFO - --------
2023-05-04 19:12:39 INFO - Starting Node.js Portable 2.10.0...
2023-05-04 19:12:39 INFO - Current path: C:\Users\ALUNO\Desktop\Facauldade_2023\node
2023-05-04 19:12:46 INFO - >> SHELL
2023-05-04 19:12:46 INFO - Checking if Node.js installed... 
2023-05-04 19:12:46 INFO - Creating Node.js configuration... 
2023-05-04 19:12:46 INFO - Checking custom paths...
2023-05-04 19:12:46 INFO - # C:\Program Files (x86)\Git\cmd 
2023-05-04 19:12:46 WARN - Not found...
2023-05-04 19:12:46 INFO - # D:\another_path 
2023-05-04 19:12:46 INFO - # C:\Users\ALUNO\Desktop\a_relative_path 
2023-05-04 19:12:46 WARN - Not found...
2023-05-04 19:12:46 INFO - Adding customs path to PATH... 
2023-05-04 19:12:46 INFO - Adding node to PATH... 
2023-05-04 19:12:46 INFO - Setting NODE_PATH... 
2023-05-04 19:12:46 INFO - Creating launch script... 
2023-05-04 19:12:49 INFO - Clearing screen...
2023-05-04 19:12:49 INFO - Starting up the shell... 
2023-05-05 18:53:04 INFO - --------
2023-05-05 18:53:04 INFO - Starting Node.js Portable 2.10.0...
2023-05-05 18:53:04 INFO - Current path: C:\Users\ALUNO\Desktop\Facauldade_2023\node
2023-05-05 18:53:06 INFO - >> SHELL
2023-05-05 18:53:06 INFO - Checking if Node.js installed... 
2023-05-05 18:53:06 INFO - Creating Node.js configuration... 
2023-05-05 18:53:06 INFO - Checking custom paths...
2023-05-05 18:53:06 INFO - # C:\Program Files (x86)\Git\cmd 
2023-05-05 18:53:06 WARN - Not found...
2023-05-05 18:53:06 INFO - # D:\another_path 
2023-05-05 18:53:06 INFO - # C:\Users\ALUNO\Desktop\a_relative_path 
2023-05-05 18:53:06 WARN - Not found...
2023-05-05 18:53:06 INFO - Adding customs path to PATH... 
2023-05-05 18:53:06 INFO - Adding node to PATH... 
2023-05-05 18:53:06 INFO - Setting NODE_PATH... 
2023-05-05 18:53:06 INFO - Creating launch script... 
2023-05-05 18:53:08 INFO - Clearing screen...
2023-05-05 18:53:08 INFO - Starting up the shell... 
2023-05-05 18:58:31 INFO - --------
2023-05-05 18:58:31 INFO - Starting Node.js Portable 2.10.0...
2023-05-05 18:58:31 INFO - Current path: C:\Users\ALUNO\Desktop\Facauldade_2023\node
2023-05-05 18:58:33 INFO - >> SHELL
2023-05-05 18:58:33 INFO - Checking if Node.js installed... 
2023-05-05 18:58:33 INFO - Creating Node.js configuration... 
2023-05-05 18:58:33 INFO - Checking custom paths...
2023-05-05 18:58:33 INFO - # C:\Program Files (x86)\Git\cmd 
2023-05-05 18:58:33 WARN - Not found...
2023-05-05 18:58:33 INFO - # D:\another_path 
2023-05-05 18:58:33 INFO - # C:\Users\ALUNO\Desktop\a_relative_path 
2023-05-05 18:58:33 WARN - Not found...
2023-05-05 18:58:33 INFO - Adding customs path to PATH... 
2023-05-05 18:58:33 INFO - Adding node to PATH... 
2023-05-05 18:58:33 INFO - Setting NODE_PATH... 
2023-05-05 18:58:33 INFO - Creating launch script... 
2023-05-05 18:58:35 INFO - Clearing screen...
2023-05-05 18:58:35 INFO - Starting up the shell... 
2023-05-05 19:01:39 INFO - --------
2023-05-05 19:01:39 INFO - Starting Node.js Portable 2.10.0...
2023-05-05 19:01:39 INFO - Current path: C:\Users\ALUNO\Desktop\Facauldade_2023\node
2023-05-05 19:01:41 INFO - >> SHELL
2023-05-05 19:01:41 INFO - Checking if Node.js installed... 
2023-05-05 19:01:41 INFO - Creating Node.js configuration... 
2023-05-05 19:01:41 INFO - Checking custom paths...
2023-05-05 19:01:41 INFO - # C:\Program Files (x86)\Git\cmd 
2023-05-05 19:01:41 WARN - Not found...
2023-05-05 19:01:41 INFO - # D:\another_path 
2023-05-05 19:01:41 INFO - # C:\Users\ALUNO\Desktop\a_relative_path 
2023-05-05 19:01:41 WARN - Not found...
2023-05-05 19:01:41 INFO - Adding customs path to PATH... 
2023-05-05 19:01:41 INFO - Adding node to PATH... 
2023-05-05 19:01:41 INFO - Setting NODE_PATH... 
2023-05-05 19:01:41 INFO - Creating launch script... 
2023-05-05 19:01:43 INFO - Clearing screen...
2023-05-05 19:01:43 INFO - Starting up the shell... 
2023-05-05 19:20:46 INFO - --------
2023-05-05 19:20:46 INFO - Starting Node.js Portable 2.10.0...
2023-05-05 19:20:46 INFO - Current path: C:\Users\ALUNO\Desktop\Facauldade_2023\node
2023-05-05 19:20:50 INFO - >> SHELL
2023-05-05 19:20:50 INFO - Checking if Node.js installed... 
2023-05-05 19:20:50 INFO - Creating Node.js configuration... 
2023-05-05 19:20:50 INFO - Checking custom paths...
2023-05-05 19:20:50 INFO - # C:\Program Files (x86)\Git\cmd 
2023-05-05 19:20:50 WARN - Not found...
2023-05-05 19:20:50 INFO - # D:\another_path 
2023-05-05 19:20:50 INFO - # C:\Users\ALUNO\Desktop\a_relative_path 
2023-05-05 19:20:50 WARN - Not found...
2023-05-05 19:20:50 INFO - Adding customs path to PATH... 
2023-05-05 19:20:50 INFO - Adding node to PATH... 
2023-05-05 19:20:50 INFO - Setting NODE_PATH... 
2023-05-05 19:20:50 INFO - Creating launch script... 
2023-05-05 19:20:51 INFO - Clearing screen...
2023-05-05 19:20:51 INFO - Starting up the shell... 
2023-08-28 19:40:05 INFO - --------
2023-08-28 19:40:05 INFO - Starting Node.js Portable 2.10.0...
2023-08-28 19:40:05 INFO - Current path: C:\Users\Aluno\Desktop\Facauldade_2023\NODE
2023-08-28 19:40:12 INFO - >> SHELL
2023-08-28 19:40:12 INFO - Checking if Node.js installed... 
2023-08-28 19:40:12 INFO - Creating Node.js configuration... 
2023-08-28 19:40:12 INFO - Checking custom paths...
2023-08-28 19:40:12 INFO - # C:\Program Files (x86)\Git\cmd 
2023-08-28 19:40:12 WARN - Not found...
2023-08-28 19:40:12 INFO - # D:\another_path 
2023-08-28 19:40:12 WARN - Not found...
2023-08-28 19:40:12 INFO - # C:\Users\Aluno\Desktop\Facauldade_2023\a_relative_path 
2023-08-28 19:40:12 WARN - Not found...
2023-08-28 19:40:12 INFO - Adding node to PATH... 
2023-08-28 19:40:12 INFO - Setting NODE_PATH... 
2023-08-28 19:40:12 INFO - Creating launch script... 
2023-08-28 19:40:17 INFO - Clearing screen...
2023-08-28 19:40:17 INFO - Starting up the shell... 
